<?xml version="1.0" encoding="UTF-8"?>
<!-- Generated by org.testng.reporters.JUnitReportReporter -->
<testsuite hostname="LAPTOP-ITSGITUD" failures="0" tests="3" name="webservices.wstestCases.wsCarbonCredits.CarbonCreditsTestAPI" time="3.917" errors="0" timestamp="2023-09-14T23:47:24 IST" skipped="0">
  <testcase classname="webservices.wstestCases.wsCarbonCredits.CarbonCreditsTestAPI" name="verifyCarbonCreditName" time="3.034"/>
  <testcase classname="webservices.wstestCases.wsCarbonCredits.CarbonCreditsTestAPI" name="verifyCanRelistValue" time="0.548"/>
  <testcase classname="webservices.wstestCases.wsCarbonCredits.CarbonCreditsTestAPI" name="verifyPromotionAndDesc" time="0.335"/>
</testsuite> <!-- webservices.wstestCases.wsCarbonCredits.CarbonCreditsTestAPI -->
