<?xml version="1.0" encoding="UTF-8"?>
<!-- Generated by org.testng.reporters.JUnitReportReporter -->
<testsuite hostname="LAPTOP-ITSGITUD" failures="0" tests="1" name="calc.testCases.CalcDemoTC.CalcTest" time="0.000" errors="0" timestamp="2023-10-05T10:23:11 IST" skipped="1">
  <testcase classname="calc.testCases.CalcDemoTC.CalcTest" name="VerifyCalcOperations" time="0.000">
    <skipped/>
  </testcase> <!-- VerifyCalcOperations -->
</testsuite> <!-- calc.testCases.CalcDemoTC.CalcTest -->
